140927 18:35:15 mysqld_safe Starting mysqld.bin daemon with databases from /home/tim/nginxstack-1.6.2-0/mysql/data
140927 18:35:15 [Note] Plugin 'FEDERATED' is disabled.
140927 18:35:15 InnoDB: The InnoDB memory heap is disabled
140927 18:35:15 InnoDB: Mutexes and rw_locks use InnoDB's own implementation
140927 18:35:15 InnoDB: Compressed tables use zlib 1.2.3
140927 18:35:15 InnoDB: Using Linux native AIO
140927 18:35:15 InnoDB: Initializing buffer pool, size = 128.0M
140927 18:35:15 InnoDB: Completed initialization of buffer pool
InnoDB: The first specified data file ./ibdata1 did not exist:
InnoDB: a new database to be created!
140927 18:35:15  InnoDB: Setting file ./ibdata1 size to 10 MB
InnoDB: Database physically writes the file full: wait...
140927 18:35:15  InnoDB: Log file ./ib_logfile0 did not exist: new to be created
InnoDB: Setting log file ./ib_logfile0 size to 5 MB
InnoDB: Database physically writes the file full: wait...
140927 18:35:15  InnoDB: Log file ./ib_logfile1 did not exist: new to be created
InnoDB: Setting log file ./ib_logfile1 size to 5 MB
InnoDB: Database physically writes the file full: wait...
InnoDB: Doublewrite buffer not found: creating new
InnoDB: Doublewrite buffer created
InnoDB: 127 rollback segment(s) active.
InnoDB: Creating foreign key constraint system tables
InnoDB: Foreign key constraint system tables created
140927 18:35:16  InnoDB: Waiting for the background threads to start
140927 18:35:17 InnoDB: 5.5.39 started; log sequence number 0
140927 18:35:17 [Note] Server hostname (bind-address): '127.0.0.1'; port: 3306
140927 18:35:17 [Note]   - '127.0.0.1' resolves to '127.0.0.1';
140927 18:35:17 [Note] Server socket created on IP: '127.0.0.1'.
140927 18:35:17 [Note] Event Scheduler: Loaded 0 events
140927 18:35:17 [Note] /home/tim/nginxstack-1.6.2-0/mysql/bin/mysqld.bin: ready for connections.
Version: '5.5.39'  socket: '/home/tim/nginxstack-1.6.2-0/mysql/tmp/mysql.sock'  port: 3306  MySQL Community Server (GPL)
140927 18:37:50 [Note] /home/tim/nginxstack-1.6.2-0/mysql/bin/mysqld.bin: Normal shutdown

140927 18:37:50 [Note] Event Scheduler: Purging the queue. 0 events
140927 18:37:50  InnoDB: Starting shutdown...
140927 18:37:51  InnoDB: Shutdown completed; log sequence number 1595675
140927 18:37:51 [Note] /home/tim/nginxstack-1.6.2-0/mysql/bin/mysqld.bin: Shutdown complete

140927 18:37:51 mysqld_safe mysqld from pid file /home/tim/nginxstack-1.6.2-0/mysql/data/mysqld.pid ended
141001 13:15:22 mysqld_safe Starting mysqld.bin daemon with databases from /home/tim/nginxstack-1.6.2-0/mysql/data
141001 13:15:22 [Note] Plugin 'FEDERATED' is disabled.
141001 13:15:22 InnoDB: The InnoDB memory heap is disabled
141001 13:15:22 InnoDB: Mutexes and rw_locks use InnoDB's own implementation
141001 13:15:22 InnoDB: Compressed tables use zlib 1.2.3
141001 13:15:22 InnoDB: Using Linux native AIO
141001 13:15:22 InnoDB: Initializing buffer pool, size = 128.0M
141001 13:15:22 InnoDB: Completed initialization of buffer pool
141001 13:15:22 InnoDB: highest supported file format is Barracuda.
141001 13:15:23  InnoDB: Waiting for the background threads to start
141001 13:15:24 InnoDB: 5.5.39 started; log sequence number 1595675
141001 13:15:24 [Note] Server hostname (bind-address): '127.0.0.1'; port: 3306
141001 13:15:24 [Note]   - '127.0.0.1' resolves to '127.0.0.1';
141001 13:15:24 [Note] Server socket created on IP: '127.0.0.1'.
141001 13:15:24 [Note] Event Scheduler: Loaded 0 events
141001 13:15:24 [Note] /home/tim/nginxstack-1.6.2-0/mysql/bin/mysqld.bin: ready for connections.
Version: '5.5.39'  socket: '/home/tim/nginxstack-1.6.2-0/mysql/tmp/mysql.sock'  port: 3306  MySQL Community Server (GPL)
141001 13:38:32 [Note] /home/tim/nginxstack-1.6.2-0/mysql/bin/mysqld.bin: Normal shutdown

141001 13:38:32 [Note] Event Scheduler: Purging the queue. 0 events
141001 13:38:32  InnoDB: Starting shutdown...
141001 13:38:33  InnoDB: Shutdown completed; log sequence number 1595675
141001 13:38:33 [Note] /home/tim/nginxstack-1.6.2-0/mysql/bin/mysqld.bin: Shutdown complete

